#
# There is insufficient memory for the Java Runtime Environment to continue.
# Native memory allocation (malloc) failed to allocate 1048576 bytes for AllocateHeap
# Possible reasons:
#   The system is out of physical RAM or swap space
#   In 32 bit mode, the process size limit was hit
# Possible solutions:
#   Reduce memory load on the system
#   Increase physical memory or swap space
#   Check if swap backing store is full
#   Use 64 bit Java on a 64 bit OS
#   Decrease Java heap size (-Xmx/-Xms)
#   Decrease number of Java threads
#   Decrease Java thread stack sizes (-Xss)
#   Set larger code cache with -XX:ReservedCodeCacheSize=
# This output file may be truncated or incomplete.
#
#  Out of Memory Error (memory/allocation.inline.hpp:61), pid=6140, tid=4296
#
# JRE version:  (8.0_45-b15) (build )
# Java VM: Java HotSpot(TM) 64-Bit Server VM (25.45-b02 mixed mode windows-amd64 compressed oops)
# Failed to write core dump. Minidumps are not enabled by default on client versions of Windows
#

---------------  T H R E A D  ---------------

Current thread (0x0000000000d2d800):  JavaThread "Unknown thread" [_thread_in_vm, id=4296, stack(0x00000000024e0000,0x00000000025e0000)]

Stack: [0x00000000024e0000,0x00000000025e0000]
Native frames: (J=compiled Java code, j=interpreted, Vv=VM code, C=native code)
V  [jvm.dll+0x32b57a]
V  [jvm.dll+0x279873]
V  [jvm.dll+0x27a509]
V  [jvm.dll+0x271825]
V  [jvm.dll+0x1606]
V  [jvm.dll+0x3c08c2]
V  [jvm.dll+0x3eecb2]
V  [jvm.dll+0x3ef1bc]
V  [jvm.dll+0x3ea7a7]
V  [jvm.dll+0xf2cf2]
V  [jvm.dll+0x20f0c9]
V  [jvm.dll+0x240e0a]
V  [jvm.dll+0x15ba41]
C  [java.exe+0x216e]
C  [java.exe+0xcce7]
C  [java.exe+0xcd7b]
C  [KERNEL32.DLL+0x13d2]
C  [ntdll.dll+0x15444]


---------------  P R O C E S S  ---------------

Java Threads: ( => current thread )

Other Threads:

=>0x0000000000d2d800 (exited) JavaThread "Unknown thread" [_thread_in_vm, id=4296, stack(0x00000000024e0000,0x00000000025e0000)]

VM state:not at safepoint (normal execution)

VM Mutex/Monitor currently owned by a thread: None

Heap:
 PSYoungGen      total 18944K, used 327K [0x00000000eab00000, 0x00000000ec000000, 0x0000000100000000)
  eden space 16384K, 2% used [0x00000000eab00000,0x00000000eab51ec8,0x00000000ebb00000)
  from space 2560K, 0% used [0x00000000ebd80000,0x00000000ebd80000,0x00000000ec000000)
  to   space 2560K, 0% used [0x00000000ebb00000,0x00000000ebb00000,0x00000000ebd80000)
 ParOldGen       total 44032K, used 0K [0x00000000c0000000, 0x00000000c2b00000, 0x00000000eab00000)
  object space 44032K, 0% used [0x00000000c0000000,0x00000000c0000000,0x00000000c2b00000)
 Metaspace       used 766K, capacity 4480K, committed 4480K, reserved 1056768K
  class space    used 75K, capacity 384K, committed 384K, reserved 1048576K

Card table byte_map: [0x0000000011b40000,0x0000000011d50000] byte_map_base: 0x0000000011540000

Marking Bits: (ParMarkBitMap*) 0x0000000071de4040
 Begin Bits: [0x00000000122b0000, 0x00000000132b0000)
 End Bits:   [0x00000000132b0000, 0x00000000142b0000)

Polling page: 0x0000000000cb0000

CodeCache: size=245760Kb used=328Kb max_used=328Kb free=245431Kb
 bounds [0x0000000002780000, 0x00000000029f0000, 0x0000000011780000]
 total_blobs=57 nmethods=0 adapters=37
 compilation: enabled

Compilation events (0 events):
No events

GC Heap History (0 events):
No events

Deoptimization events (0 events):
No events

Internal exceptions (0 events):
No events

Events (10 events):
Event: 0.038 loading class java/lang/Short
Event: 0.038 loading class java/lang/Short done
Event: 0.038 loading class java/lang/Integer
Event: 0.038 loading class java/lang/Integer done
Event: 0.038 loading class java/lang/Long
Event: 0.038 loading class java/lang/Long done
Event: 0.039 loading class java/lang/NullPointerException
Event: 0.039 loading class java/lang/NullPointerException done
Event: 0.039 loading class java/lang/ArithmeticException
Event: 0.039 loading class java/lang/ArithmeticException done


Dynamic libraries:
0x00007ff7f2f10000 - 0x00007ff7f2f47000 	C:\Program Files\Java\jdk1.8.0_45\bin\java.exe
0x00007ffc18220000 - 0x00007ffc183cc000 	C:\Windows\SYSTEM32\ntdll.dll
0x00007ffc17e30000 - 0x00007ffc17f6e000 	C:\Windows\system32\KERNEL32.DLL
0x00007ffc15730000 - 0x00007ffc15845000 	C:\Windows\system32\KERNELBASE.dll
0x00007ffc13f10000 - 0x00007ffc13f9e000 	C:\Windows\system32\apphelp.dll
0x00007ffc0f150000 - 0x00007ffc0f1a3000 	C:\Windows\AppPatch\AppPatch64\AcGenral.DLL
0x00007ffc17d80000 - 0x00007ffc17e2a000 	C:\Windows\system32\msvcrt.dll
0x00007ffc15140000 - 0x00007ffc1516e000 	C:\Windows\SYSTEM32\SspiCli.dll
0x00007ffc17c20000 - 0x00007ffc17c74000 	C:\Windows\system32\SHLWAPI.dll
0x00007ffc17560000 - 0x00007ffc176d7000 	C:\Windows\system32\USER32.dll
0x00007ffc15dd0000 - 0x00007ffc15f64000 	C:\Windows\system32\ole32.dll
0x00007ffc15f70000 - 0x00007ffc17488000 	C:\Windows\system32\SHELL32.dll
0x00007ffc14910000 - 0x00007ffc14931000 	C:\Windows\SYSTEM32\USERENV.dll
0x00007ffc17980000 - 0x00007ffc17a2a000 	C:\Windows\system32\ADVAPI32.dll
0x00007ffc0e1a0000 - 0x00007ffc0e1be000 	C:\Windows\SYSTEM32\MPR.dll
0x00007ffc180d0000 - 0x00007ffc18211000 	C:\Windows\system32\RPCRT4.dll
0x00007ffc178f0000 - 0x00007ffc17949000 	C:\Windows\SYSTEM32\sechost.dll
0x00007ffc15bb0000 - 0x00007ffc15dc1000 	C:\Windows\SYSTEM32\combase.dll
0x00007ffc158a0000 - 0x00007ffc159f1000 	C:\Windows\system32\GDI32.dll
0x00007ffc15370000 - 0x00007ffc15385000 	C:\Windows\SYSTEM32\profapi.dll
0x00007ffc138e0000 - 0x00007ffc13992000 	C:\Windows\SYSTEM32\SHCORE.dll
0x00007ffc17d40000 - 0x00007ffc17d76000 	C:\Windows\system32\IMM32.DLL
0x00007ffc17f70000 - 0x00007ffc180c2000 	C:\Windows\system32\MSCTF.dll
0x00007ffc13040000 - 0x00007ffc132bb000 	C:\Windows\WinSxS\amd64_microsoft.windows.common-controls_6595b64144ccf1df_6.0.9600.17784_none_624760d1ecb7236e\COMCTL32.dll
0x0000000071010000 - 0x00000000710e2000 	C:\Program Files\Java\jdk1.8.0_45\jre\bin\msvcr100.dll
0x00000000715e0000 - 0x0000000071e63000 	C:\Program Files\Java\jdk1.8.0_45\jre\bin\server\jvm.dll
0x00007ffc0a470000 - 0x00007ffc0a479000 	C:\Windows\SYSTEM32\WSOCK32.dll
0x00007ffc121a0000 - 0x00007ffc121c2000 	C:\Windows\SYSTEM32\WINMM.dll
0x00007ffc12b80000 - 0x00007ffc12b8a000 	C:\Windows\SYSTEM32\VERSION.dll
0x00007ffc15ad0000 - 0x00007ffc15ad7000 	C:\Windows\system32\PSAPI.DLL
0x00007ffc17890000 - 0x00007ffc178ea000 	C:\Windows\system32\WS2_32.dll
0x00007ffc10e80000 - 0x00007ffc10eaa000 	C:\Windows\SYSTEM32\WINMMBASE.dll
0x00007ffc17550000 - 0x00007ffc17559000 	C:\Windows\system32\NSI.dll
0x00007ffc15850000 - 0x00007ffc1589f000 	C:\Windows\SYSTEM32\cfgmgr32.dll
0x00007ffc14160000 - 0x00007ffc14188000 	C:\Windows\SYSTEM32\DEVOBJ.dll
0x00000000715d0000 - 0x00000000715df000 	C:\Program Files\Java\jdk1.8.0_45\jre\bin\verify.dll
0x00000000715a0000 - 0x00000000715c9000 	C:\Program Files\Java\jdk1.8.0_45\jre\bin\java.dll
0x0000000071580000 - 0x0000000071596000 	C:\Program Files\Java\jdk1.8.0_45\jre\bin\zip.dll
0x00007ffc0cf00000 - 0x00007ffc0d089000 	C:\Windows\SYSTEM32\dbghelp.dll

VM Arguments:
jvm_args: -Xmx1024M -Dfile.encoding=windows-1250 -Duser.country=US -Duser.language=en -Duser.variant 
java_command: com.android.dx.command.Main --dex --output C:\Users\Leon\SkyDrive\Documents\AndroidStudioProjects\YouPlay\app\build\intermediates\dex\debug C:\Users\Leon\SkyDrive\Documents\AndroidStudioProjects\YouPlay\app\build\intermediates\classes\debug C:\Users\Leon\SkyDrive\Documents\AndroidStudioProjects\YouPlay\app\build\intermediates\pre-dexed\debug\support-annotations-22.1.1-fddacf41623c7b904e13da682b7ed6ce1b538ba2.jar C:\Users\Leon\SkyDrive\Documents\AndroidStudioProjects\YouPlay\app\build\intermediates\pre-dexed\debug\internal_impl-22.1.1-d6c48b56419b0b84c95f22964e784a3d3c1477b3.jar C:\Users\Leon\SkyDrive\Documents\AndroidStudioProjects\YouPlay\app\build\intermediates\pre-dexed\debug\classes-fbe42510b19c299aa6c5808098fe3c810387c59d.jar C:\Users\Leon\SkyDrive\Documents\AndroidStudioProjects\YouPlay\app\build\intermediates\pre-dexed\debug\classes-b05384ec6e37449a6840be6622fab4a4d25cf0e1.jar
java_class_path (initial): C:\Users\Leon\AppData\Local\Android\sdk\build-tools\22.0.1\lib\dx.jar
Launcher Type: SUN_STANDARD

Environment Variables:
JAVA_HOME=C:\Program Files\Java\jdk1.8.0_45
PATH=C:\ProgramData\Oracle\Java\javapath;c:\Program Files (x86)\Intel\iCLS Client\;c:\Program Files\Intel\iCLS Client\;C:\Windows\system32;C:\Windows;C:\Windows\System32\Wbem;C:\Windows\System32\WindowsPowerShell\v1.0\;C:\Program Files (x86)\ATI Technologies\ATI.ACE\Core-Static;C:\Program Files\Intel\Intel(R) Management Engine Components\DAL;C:\Program Files\Intel\Intel(R) Management Engine Components\IPT;C:\Program Files (x86)\Intel\Intel(R) Management Engine Components\DAL;C:\Program Files (x86)\Intel\Intel(R) Management Engine Components\IPT;C:\Program Files (x86)\Windows Kits\8.1\Windows Performance Toolkit\;C:\Program Files\Microsoft SQL Server\110\Tools\Binn\;C:\MinGW\bin\;C:\Program Files (x86)\Notepad++;C:\Program Files\MATLAB\R2014b\runtime\win64;C:\Program Files\MATLAB\R2014b\bin;C:\Program Files\MATLAB\R2014b\polyspace\bin;C:\Program Files\Microsoft\Web Platform Installer\;C:\Python27;C:\Program Files (x86)\Skype\Phone\;C:\Program Files\Java\jdk1.8.0_45\bin;C:\Program Files\Java\jdk1.8.0_45\jre\bin
USERNAME=Leon
OS=Windows_NT
PROCESSOR_IDENTIFIER=Intel64 Family 6 Model 58 Stepping 9, GenuineIntel



---------------  S Y S T E M  ---------------

OS: Windows 8.1 , 64 bit Build 9600 (6.3.9600.17415)

CPU:total 4 (2 cores per cpu, 2 threads per core) family 6 model 58 stepping 9, cmov, cx8, fxsr, mmx, sse, sse2, sse3, ssse3, sse4.1, sse4.2, popcnt, avx, aes, clmul, erms, ht, tsc, tscinvbit, tscinv

Memory: 4k page, physical 4124216k(216384k free), swap 5172792k(5820k free)

vm_info: Java HotSpot(TM) 64-Bit Server VM (25.45-b02) for windows-amd64 JRE (1.8.0_45-b15), built on Apr 30 2015 12:40:44 by "java_re" with MS VC++ 10.0 (VS2010)

time: Fri May 29 18:41:13 2015
elapsed time: 0 seconds (0d 0h 0m 0s)

